<?xml version="1.0" encoding="UTF-8"?>
<!-- Generated by org.testng.reporters.JUnitXMLReporter -->
<testsuite ignored="0" hostname="DELL-3543" failures="0" tests="2" name="Default test" time="52.098" errors="0" timestamp="2021-08-27T17:55:04 IST">
  <testcase classname="com.vtiger.comcast.contactsTest.CreateContactsWithSaveBtnEnabledTest" name="CreateContactCancelBtnTest" time="11.977"/>
  <testcase classname="com.vtiger.comcast.contactsTest.CreateContactsWithSaveBtnEnabledTest" name="CreateContactsSaveEnabledTest" time="14.763"/>
</testsuite> <!-- Default test -->
