<?xml version="1.0" encoding="UTF-8"?>
<!-- Generated by org.testng.reporters.JUnitXMLReporter -->
<testsuite ignored="0" hostname="DELL-3543" failures="0" tests="4" name="Test" time="164.399" errors="0" timestamp="2021-08-27T16:27:26 IST">
  <testcase classname="com.vtiger.comcast.contacts.CreateContactsWithRefCheckBoxEnabledTest" name="CreateContWithNotify" time="31.056"/>
  <testcase classname="com.vtiger.comcast.contacts.CreateContactsWithRefCheckBoxEnabledTest" name="CreateContWithPortal" time="12.915"/>
  <testcase classname="com.vtiger.comcast.contacts.CreateContactsWithRefCheckBoxEnabledTest" name="CreateContWithReference" time="13.454"/>
  <testcase classname="com.vtiger.comcast.contacts.CreateContactsWithRefCheckBoxEnabledTest" name="CreateContactsSaveEnabledTest" time="15.076"/>
</testsuite> <!-- Test -->
