<?xml version="1.0" encoding="UTF-8"?>
<testng-results ignored="0" total="2" passed="2" failed="0" skipped="0">
  <reporter-output>
  </reporter-output>
  <suite started-at="2021-08-27T17:54:12 IST" name="Default suite" finished-at="2021-08-27T17:55:04 IST" duration-ms="52098">
    <groups>
    </groups>
    <test started-at="2021-08-27T17:54:12 IST" name="Default test" finished-at="2021-08-27T17:55:04 IST" duration-ms="52098">
      <class name="com.vtiger.comcast.contactsTest.CreateContactsWithSaveBtnEnabledTest">
        <test-method is-config="true" signature="ConfigBSTest()[pri:0, instance:com.vtiger.comcast.contactsTest.CreateContactsWithSaveBtnEnabledTest@7334aada]" started-at="2021-08-27T17:54:12 IST" name="ConfigBSTest" finished-at="2021-08-27T17:54:12 IST" duration-ms="16" status="PASS">
          <reporter-output>
          </reporter-output>
        </test-method> <!-- ConfigBSTest -->
        <test-method is-config="true" signature="ConfigBCTest()[pri:0, instance:com.vtiger.comcast.contactsTest.CreateContactsWithSaveBtnEnabledTest@7334aada]" started-at="2021-08-27T17:54:12 IST" name="ConfigBCTest" finished-at="2021-08-27T17:54:20 IST" duration-ms="7634" status="PASS">
          <reporter-output>
          </reporter-output>
        </test-method> <!-- ConfigBCTest -->
        <test-method is-config="true" signature="ConfigBMTest()[pri:0, instance:com.vtiger.comcast.contactsTest.CreateContactsWithSaveBtnEnabledTest@7334aada]" started-at="2021-08-27T17:54:20 IST" name="ConfigBMTest" finished-at="2021-08-27T17:54:27 IST" duration-ms="7450" status="PASS">
          <reporter-output>
          </reporter-output>
        </test-method> <!-- ConfigBMTest -->
        <test-method signature="CreateContactCancelBtnTest()[pri:0, instance:com.vtiger.comcast.contactsTest.CreateContactsWithSaveBtnEnabledTest@7334aada]" started-at="2021-08-27T17:54:27 IST" name="CreateContactCancelBtnTest" finished-at="2021-08-27T17:54:39 IST" duration-ms="11977" status="PASS">
          <reporter-output>
          </reporter-output>
        </test-method> <!-- CreateContactCancelBtnTest -->
        <test-method is-config="true" signature="ConfigAMTest()[pri:0, instance:com.vtiger.comcast.contactsTest.CreateContactsWithSaveBtnEnabledTest@7334aada]" started-at="2021-08-27T17:54:39 IST" name="ConfigAMTest" finished-at="2021-08-27T17:54:42 IST" duration-ms="2655" status="PASS">
          <reporter-output>
          </reporter-output>
        </test-method> <!-- ConfigAMTest -->
        <test-method is-config="true" signature="ConfigBMTest()[pri:0, instance:com.vtiger.comcast.contactsTest.CreateContactsWithSaveBtnEnabledTest@7334aada]" started-at="2021-08-27T17:54:42 IST" name="ConfigBMTest" finished-at="2021-08-27T17:54:46 IST" duration-ms="4325" status="PASS">
          <reporter-output>
          </reporter-output>
        </test-method> <!-- ConfigBMTest -->
        <test-method signature="CreateContactsSaveEnabledTest()[pri:0, instance:com.vtiger.comcast.contactsTest.CreateContactsWithSaveBtnEnabledTest@7334aada]" started-at="2021-08-27T17:54:46 IST" name="CreateContactsSaveEnabledTest" finished-at="2021-08-27T17:55:01 IST" duration-ms="14763" status="PASS">
          <reporter-output>
          </reporter-output>
        </test-method> <!-- CreateContactsSaveEnabledTest -->
        <test-method is-config="true" signature="ConfigAMTest()[pri:0, instance:com.vtiger.comcast.contactsTest.CreateContactsWithSaveBtnEnabledTest@7334aada]" started-at="2021-08-27T17:55:01 IST" name="ConfigAMTest" finished-at="2021-08-27T17:55:04 IST" duration-ms="2497" status="PASS">
          <reporter-output>
          </reporter-output>
        </test-method> <!-- ConfigAMTest -->
        <test-method is-config="true" signature="ConfigAC()[pri:0, instance:com.vtiger.comcast.contactsTest.CreateContactsWithSaveBtnEnabledTest@7334aada]" started-at="2021-08-27T17:55:04 IST" name="ConfigAC" finished-at="2021-08-27T17:55:04 IST" duration-ms="728" status="PASS">
          <reporter-output>
          </reporter-output>
        </test-method> <!-- ConfigAC -->
        <test-method is-config="true" signature="CreateContactsAS()[pri:0, instance:com.vtiger.comcast.contactsTest.CreateContactsWithSaveBtnEnabledTest@7334aada]" started-at="2021-08-27T17:55:04 IST" name="CreateContactsAS" finished-at="2021-08-27T17:55:04 IST" duration-ms="0" status="PASS">
          <reporter-output>
          </reporter-output>
        </test-method> <!-- CreateContactsAS -->
      </class> <!-- com.vtiger.comcast.contactsTest.CreateContactsWithSaveBtnEnabledTest -->
    </test> <!-- Default test -->
  </suite> <!-- Default suite -->
</testng-results>
